<?xml version="1.0" encoding="UTF-8"?>
<testsuite name="ADD and Delete With XML.Add and Delete with XML" tests="3" failures="2" errors="0" time="1.701"><properties><property name="java.runtime.name" value="Java(TM) SE Runtime Environment"/><property name="sun.boot.library.path" value="C:\Program Files\Java\jdk1.8.0_251\jre\bin"/><property name="java.vm.version" value="25.251-b08"/><property name="maven.multiModuleProjectDirectory" value="C:\Users\GunasekharKeserla\Desktop\Project\my-app"/><property name="java.vm.vendor" value="Oracle Corporation"/><property name="java.vendor.url" value="http://java.oracle.com/"/><property name="guice.disable.misplaced.annotation.check" value="true"/><property name="path.separator" value=";"/><property name="java.vm.name" value="Java HotSpot(TM) 64-Bit Server VM"/><property name="file.encoding.pkg" value="sun.io"/><property name="user.country" value="IN"/><property name="user.script" value=""/><property name="sun.java.launcher" value="SUN_STANDARD"/><property name="sun.os.patch.level" value=""/><property name="java.vm.specification.name" value="Java Virtual Machine Specification"/><property name="user.dir" value="C:\Users\GunasekharKeserla\Desktop\Project\my-app"/><property name="java.runtime.version" value="1.8.0_251-b08"/><property name="java.awt.graphicsenv" value="sun.awt.Win32GraphicsEnvironment"/><property name="java.endorsed.dirs" value="C:\Program Files\Java\jdk1.8.0_251\jre\lib\endorsed"/><property name="os.arch" value="amd64"/><property name="java.io.tmpdir" value="C:\Users\GUNASE~1\AppData\Local\Temp\"/><property name="line.separator" value="
"/><property name="java.vm.specification.vendor" value="Oracle Corporation"/><property name="user.variant" value=""/><property name="os.name" value="Windows 10"/><property name="classworlds.conf" value="C:\Guna\SOFTWARE\maven\apache-maven-3.6.2\bin\..\bin\m2.conf"/><property name="sun.jnu.encoding" value="Cp1252"/><property name="java.library.path" value="C:\Program Files\Java\jdk1.8.0_251\bin;C:\windows\Sun\Java\bin;C:\windows\system32;C:\windows;C:\Program Files (x86)\Common Files\Oracle\Java\javapath;&quot;c:\Python27;c:\Python27\Lib;c:\Python27\Lib\site-packages;c:\Python27\DLLs;c:\Python27\Lib\lib-tk;c:\Python27\Scripts;&quot;;C:\Program Files (x86)\RSA SecurID Token Common;C:\windows\system32;C:\windows;C:\windows\System32\Wbem;C:\windows\System32\WindowsPowerShell\v1.0\;C:\windows\System32\OpenSSH\;C:\Program Files\Java\jdk-11.0.6\bin;C:\Program Files\Git\cmd;C:\Guna\Automation\Selenium-WebDrivers;C:\Guna\SOFTWARE\Oracle Client for Windows\instantclient-basic-windows.x64-19.6.0.0.0dbru\instantclient_19_6;C:\Program Files (x86)\PuTTY\;C:\Guna\SOFTWARE\maven\apache-maven-3.6.2\bin;C:\Program Files\Java\jdk1.8.0_251\bin;c:\Python27;c:\Python27\Scripts;C:\Program Files\Java\jdk1.8.0_251\bin;;."/><property name="maven.conf" value="C:\Guna\SOFTWARE\maven\apache-maven-3.6.2\bin\../conf"/><property name="sun.awt.enableExtraMouseButtons" value="true"/><property name="java.specification.name" value="Java Platform API Specification"/><property name="java.class.version" value="52.0"/><property name="sun.management.compiler" value="HotSpot 64-Bit Tiered Compilers"/><property name="os.version" value="10.0"/><property name="library.jansi.path" value="C:\Guna\SOFTWARE\maven\apache-maven-3.6.2\bin\..\lib\jansi-native"/><property name="user.home" value="C:\Users\GunasekharKeserla"/><property name="user.timezone" value="Asia/Calcutta"/><property name="java.awt.printerjob" value="sun.awt.windows.WPrinterJob"/><property name="file.encoding" value="Cp1252"/><property name="java.specification.version" value="1.8"/><property name="java.class.path" value="C:\Guna\SOFTWARE\maven\apache-maven-3.6.2\bin\..\boot\plexus-classworlds-2.6.0.jar"/><property name="user.name" value="GunasekharKeserla"/><property name="java.vm.specification.version" value="1.8"/><property name="sun.java.command" value="org.codehaus.plexus.classworlds.launcher.Launcher site"/><property name="java.home" value="C:\Program Files\Java\jdk1.8.0_251\jre"/><property name="sun.arch.data.model" value="64"/><property name="user.language" value="en"/><property name="java.specification.vendor" value="Oracle Corporation"/><property name="awt.toolkit" value="sun.awt.windows.WToolkit"/><property name="java.vm.info" value="mixed mode"/><property name="java.version" value="1.8.0_251"/><property name="java.ext.dirs" value="C:\Program Files\Java\jdk1.8.0_251\jre\lib\ext;C:\windows\Sun\Java\lib\ext"/><property name="sun.boot.class.path" value="C:\Program Files\Java\jdk1.8.0_251\jre\lib\resources.jar;C:\Program Files\Java\jdk1.8.0_251\jre\lib\rt.jar;C:\Program Files\Java\jdk1.8.0_251\jre\lib\sunrsasign.jar;C:\Program Files\Java\jdk1.8.0_251\jre\lib\jsse.jar;C:\Program Files\Java\jdk1.8.0_251\jre\lib\jce.jar;C:\Program Files\Java\jdk1.8.0_251\jre\lib\charsets.jar;C:\Program Files\Java\jdk1.8.0_251\jre\lib\jfr.jar;C:\Program Files\Java\jdk1.8.0_251\jre\classes"/><property name="java.vendor" value="Oracle Corporation"/><property name="sun.stderr.encoding" value="cp437"/><property name="maven.home" value="C:\Guna\SOFTWARE\maven\apache-maven-3.6.2\bin\.."/><property name="file.separator" value="\"/><property name="java.vendor.url.bug" value="http://bugreport.sun.com/bugreport/"/><property name="sun.io.unicode.encoding" value="UnicodeLittle"/><property name="sun.cpu.endian" value="little"/><property name="sun.stdout.encoding" value="cp437"/><property name="sun.desktop" value="windows"/><property name="sun.cpu.isalist" value="amd64"/></properties><testcase name="Add and Delete" time="0.244"><failure type="Cancelling due to failed test step" message="Cancelling due to failed test step"><![CDATA[<h3><b>Placeid Transfer Failed</b></h3><pre>Error performing transfer [placeid] - Error parsing target property [error: Unexpected element: CDATA]
</pre><hr/>]]></failure></testcase><testcase name="Add and delete with property Transfer" time="0.446"/><testcase name="Add and delete with  Script" time="1.011"><failure type="Cancelling due to failed test step" message="Cancelling due to failed test step"><![CDATA[<h3><b>Groovy Script Failed</b></h3><pre>org.codehaus.groovy.control.MultipleCompilationErrorsException: startup failed:
Script1.groovy: 9: unexpected char: '#' @ line 9, column 3.
   ${#TestCase#place_id}
     ^
org.codehaus.groovy.syntax.SyntaxException: unexpected char: '#' @ line 9, column 3.
	at org.codehaus.groovy.antlr.AntlrParserPlugin.transformCSTIntoAST(AntlrParserPlugin.java:138)
	at org.codehaus.groovy.antlr.AntlrParserPlugin.parseCST(AntlrParserPlugin.java:111)
	at org.codehaus.groovy.control.SourceUnit.parse(SourceUnit.java:237)
	at org.codehaus.groovy.control.CompilationUnit$1.call(CompilationUnit.java:167)
	at org.codehaus.groovy.control.CompilationUnit.applyToSourceUnits(CompilationUnit.java:931)
	at org.codehaus.groovy.control.CompilationUnit.doPhaseOperation(CompilationUnit.java:593)
	at org.codehaus.groovy.control.CompilationUnit.processPhaseOperations(CompilationUnit.java:569)
	at org.codehaus.groovy.control.CompilationUnit.compile(CompilationUnit.java:546)
	at groovy.lang.GroovyClassLoader.doParseClass(GroovyClassLoader.java:298)
	at groovy.lang.GroovyClassLoader.parseClass(GroovyClassLoader.java:268)
	at groovy.lang.GroovyShell.parseClass(GroovyShell.java:694)
	at groovy.lang.GroovyShell.parse(GroovyShell.java:706)
	at groovy.lang.GroovyShell.parse(GroovyShell.java:742)
	at groovy.lang.GroovyShell.parse(GroovyShell.java:733)
	at com.eviware.soapui.support.scripting.groovy.SoapUIGroovyScriptEngine.compile(SoapUIGroovyScriptEngine.java:136)
	at com.eviware.soapui.support.scripting.groovy.SoapUIGroovyScriptEngine.run(SoapUIGroovyScriptEngine.java:87)
	at com.eviware.soapui.impl.wsdl.teststeps.WsdlGroovyScriptTestStep.run(WsdlGroovyScriptTestStep.java:141)
	at com.eviware.soapui.impl.wsdl.support.AbstractTestCaseRunner.runTestStep(AbstractTestCaseRunner.java:211)
	at com.eviware.soapui.impl.wsdl.testcase.WsdlTestCaseRunner.runCurrentTestStep(WsdlTestCaseRunner.java:47)
	at com.eviware.soapui.impl.wsdl.support.AbstractTestCaseRunner.internalRun(AbstractTestCaseRunner.java:138)
	at com.eviware.soapui.impl.wsdl.support.AbstractTestCaseRunner.internalRun(AbstractTestCaseRunner.java:46)
	at com.eviware.soapui.impl.wsdl.support.AbstractTestRunner.run(AbstractTestRunner.java:128)
	at java.util.concurrent.Executors$RunnableAdapter.call(Executors.java:511)
	at java.util.concurrent.FutureTask.run(FutureTask.java:266)
	at java.util.concurrent.ThreadPoolExecutor.runWorker(ThreadPoolExecutor.java:1149)
	at java.util.concurrent.ThreadPoolExecutor$Worker.run(ThreadPoolExecutor.java:624)
	at java.lang.Thread.run(Thread.java:748)
Caused by: Script1.groovy:9:3: unexpected char: '#'
	at org.codehaus.groovy.antlr.parser.GroovyLexer.nextToken(GroovyLexer.java:719)
	at org.codehaus.groovy.antlr.parser.GroovyLexer$1.nextToken(GroovyLexer.java:262)
	at groovyjarjarantlr.TokenBuffer.fill(TokenBuffer.java:69)
	at groovyjarjarantlr.TokenBuffer.LA(TokenBuffer.java:80)
	at groovyjarjarantlr.LLkParser.LA(LLkParser.java:52)
	at org.codehaus.groovy.antlr.parser.GroovyRecognizer.pathExpression(GroovyRecognizer.java:11680)
	at org.codehaus.groovy.antlr.parser.GroovyRecognizer.postfixExpression(GroovyRecognizer.java:13410)
	at org.codehaus.groovy.antlr.parser.GroovyRecognizer.unaryExpressionNotPlusMinus(GroovyRecognizer.java:13379)
	at org.codehaus.groovy.antlr.parser.GroovyRecognizer.powerExpressionNotPlusMinus(GroovyRecognizer.java:13083)
	at org.codehaus.groovy.antlr.parser.GroovyRecognizer.multiplicativeExpression(GroovyRecognizer.java:13015)
	at org.codehaus.groovy.antlr.parser.GroovyRecognizer.additiveExpression(GroovyRecognizer.java:12685)
	at org.codehaus.groovy.antlr.parser.GroovyRecognizer.shiftExpression(GroovyRecognizer.java:9921)
	at org.codehaus.groovy.antlr.parser.GroovyRecognizer.relationalExpression(GroovyRecognizer.java:12590)
	at org.codehaus.groovy.antlr.parser.GroovyRecognizer.equalityExpression(GroovyRecognizer.java:12514)
	at org.codehaus.groovy.antlr.parser.GroovyRecognizer.regexExpression(GroovyRecognizer.java:12462)
	at org.codehaus.groovy.antlr.parser.GroovyRecognizer.andExpression(GroovyRecognizer.java:12430)
	at org.codehaus.groovy.antlr.parser.GroovyRecognizer.exclusiveOrExpression(GroovyRecognizer.java:12398)
	at org.codehaus.groovy.antlr.parser.GroovyRecognizer.inclusiveOrExpression(GroovyRecognizer.java:12366)
	at org.codehaus.groovy.antlr.parser.GroovyRecognizer.logicalAndExpression(GroovyRecognizer.java:12334)
	at org.codehaus.groovy.antlr.parser.GroovyRecognizer.logicalOrExpression(GroovyRecognizer.java:12302)
	at org.codehaus.groovy.antlr.parser.GroovyRecognizer.conditionalExpression(GroovyRecognizer.java:4956)
	at org.codehaus.groovy.antlr.parser.GroovyRecognizer.assignmentExpression(GroovyRecognizer.java:8122)
	at org.codehaus.groovy.antlr.parser.GroovyRecognizer.expression(GroovyRecognizer.java:10061)
	at org.codehaus.groovy.antlr.parser.GroovyRecognizer.expressionStatementNoCheck(GroovyRecognizer.java:8449)
	at org.codehaus.groovy.antlr.parser.GroovyRecognizer.expressionStatement(GroovyRecognizer.java:8995)
	at org.codehaus.groovy.antlr.parser.GroovyRecognizer.statement(GroovyRecognizer.java:1278)
	at org.codehaus.groovy.antlr.parser.GroovyRecognizer.compilationUnit(GroovyRecognizer.java:760)
	at org.codehaus.groovy.antlr.AntlrParserPlugin.transformCSTIntoAST(AntlrParserPlugin.java:134)
	... 26 more

1 error

</pre><hr/>]]></failure></testcase></testsuite>